[0.267s] Invoking command in '/home/anthonyubuntu/Desktop/inmind/session9/Anthony-Moundalak-ROS2-AssignmentCPP-Session9/ros2_ws/build/turtlebot_navigation': AMENT_PREFIX_PATH=/home/anthonyubuntu/Desktop/inmind/session9/Anthony-Moundalak-ROS2-AssignmentCPP-Session9/ros2_ws/install/my_interface:${AMENT_PREFIX_PATH} CMAKE_PREFIX_PATH=/home/anthonyubuntu/Desktop/inmind/session9/Anthony-Moundalak-ROS2-AssignmentCPP-Session9/ros2_ws/install/my_interface:/home/anthonyubuntu/Desktop/inmind/test/cppgazws/install/turtlebot_navigation:/home/anthonyubuntu/Desktop/inmind/test/cppgazws/install/my_interface:/opt/ros/humble LD_LIBRARY_PATH=/home/anthonyubuntu/Desktop/inmind/session9/Anthony-Moundalak-ROS2-AssignmentCPP-Session9/ros2_ws/install/my_interface/lib:${LD_LIBRARY_PATH} PYTHONPATH=/home/anthonyubuntu/Desktop/inmind/session9/Anthony-Moundalak-ROS2-AssignmentCPP-Session9/ros2_ws/install/my_interface/local/lib/python3.10/dist-packages:${PYTHONPATH} /usr/bin/cmake --build /home/anthonyubuntu/Desktop/inmind/session9/Anthony-Moundalak-ROS2-AssignmentCPP-Session9/ros2_ws/build/turtlebot_navigation -- -j4 -l4
[0.538s] [35m[1mConsolidate compiler generated dependencies of target robot_driver[0m
[0.544s] [35m[1mConsolidate compiler generated dependencies of target lap_time_action_server[0m
[0.555s] [35m[1mConsolidate compiler generated dependencies of target wall_finder_service[0m
[0.564s] [35m[1mConsolidate compiler generated dependencies of target lap_time_action_client[0m
[0.639s] [ 25%] Built target lap_time_action_client
[0.648s] [ 37%] [32mBuilding CXX object CMakeFiles/lap_time_action_server.dir/src/lap_time_action_server.cpp.o[0m
[0.680s] [ 50%] [32mBuilding CXX object CMakeFiles/wall_finder_service.dir/src/wall_finder_service.cpp.o[0m
[0.681s] [ 75%] Built target robot_driver
[20.475s] [01m[K/home/anthonyubuntu/Desktop/inmind/session9/Anthony-Moundalak-ROS2-AssignmentCPP-Session9/ros2_ws/src/turtlebot_navigation/src/wall_finder_service.cpp:[m[K In member function â€˜[01m[Kvoid WallFinderService::find_closest_wall_callback(std::shared_ptr<my_interface::srv::FindClosestWall_Request_<std::allocator<void> > >, std::shared_ptr<my_interface::srv::FindClosestWall_Response_<std::allocator<void> > >)[m[Kâ€™:
[20.475s] [01m[K/home/anthonyubuntu/Desktop/inmind/session9/Anthony-Moundalak-ROS2-AssignmentCPP-Session9/ros2_ws/src/turtlebot_navigation/src/wall_finder_service.cpp:22:119:[m[K [01;35m[Kwarning: [m[Kunused parameter â€˜[01m[Krequest[m[Kâ€™ [[01;35m[K]8;;https://gcc.gnu.org/onlinedocs/gcc/Warning-Options.html#index-Wunused-parameter-Wunused-parameter]8;;[m[K]
[20.475s]    22 | void WallFinderService::find_closest_wall_callback([01;35m[Kconst std::shared_ptr<my_interface::srv::FindClosestWall::Request> request[m[K, std::shared_ptr<my_interface::srv::FindClosestWall::Response> response){
[20.475s]       |                                                    [01;35m[K~~~~~~~~~~~~~~~~~~~~~~~~~~~~~~~~~~~~~~~~~~~~~~~~~~~~~~~~~~~~~~~~~~~^~~~~~~[m[K
[20.830s] [01m[K/home/anthonyubuntu/Desktop/inmind/session9/Anthony-Moundalak-ROS2-AssignmentCPP-Session9/ros2_ws/src/turtlebot_navigation/src/lap_time_action_server.cpp:[m[K In member function â€˜[01m[Krclcpp_action::GoalResponse LapTimeActionServer::handle_goal(const GoalUUID&, std::shared_ptr<const my_interface::action::MeasureLapTime_Goal_<std::allocator<void> > >)[m[Kâ€™:
[20.830s] [01m[K/home/anthonyubuntu/Desktop/inmind/session9/Anthony-Moundalak-ROS2-AssignmentCPP-Session9/ros2_ws/src/turtlebot_navigation/src/lap_time_action_server.cpp:23:37:[m[K [01;35m[Kwarning: [m[Kunused parameter â€˜[01m[Kuuid[m[Kâ€™ [[01;35m[K]8;;https://gcc.gnu.org/onlinedocs/gcc/Warning-Options.html#index-Wunused-parameter-Wunused-parameter]8;;[m[K]
[20.830s]    23 |     [01;35m[Kconst rclcpp_action::GoalUUID & uuid[m[K,
[20.830s]       |     [01;35m[K~~~~~~~~~~~~~~~~~~~~~~~~~~~~~~~~^~~~[m[K
[20.830s] [01m[K/home/anthonyubuntu/Desktop/inmind/session9/Anthony-Moundalak-ROS2-AssignmentCPP-Session9/ros2_ws/src/turtlebot_navigation/src/lap_time_action_server.cpp:24:49:[m[K [01;35m[Kwarning: [m[Kunused parameter â€˜[01m[Kgoal[m[Kâ€™ [[01;35m[K]8;;https://gcc.gnu.org/onlinedocs/gcc/Warning-Options.html#index-Wunused-parameter-Wunused-parameter]8;;[m[K]
[20.830s]    24 |     [01;35m[Kstd::shared_ptr<const MeasureLapTime::Goal> goal[m[K)
[20.830s]       |     [01;35m[K~~~~~~~~~~~~~~~~~~~~~~~~~~~~~~~~~~~~~~~~~~~~^~~~[m[K
[20.831s] [01m[K/home/anthonyubuntu/Desktop/inmind/session9/Anthony-Moundalak-ROS2-AssignmentCPP-Session9/ros2_ws/src/turtlebot_navigation/src/lap_time_action_server.cpp:[m[K In member function â€˜[01m[Krclcpp_action::CancelResponse LapTimeActionServer::handle_cancel(std::shared_ptr<rclcpp_action::ServerGoalHandle<my_interface::action::MeasureLapTime> >)[m[Kâ€™:
[20.832s] [01m[K/home/anthonyubuntu/Desktop/inmind/session9/Anthony-Moundalak-ROS2-AssignmentCPP-Session9/ros2_ws/src/turtlebot_navigation/src/lap_time_action_server.cpp:31:53:[m[K [01;35m[Kwarning: [m[Kunused parameter â€˜[01m[Kgoal_handle[m[Kâ€™ [[01;35m[K]8;;https://gcc.gnu.org/onlinedocs/gcc/Warning-Options.html#index-Wunused-parameter-Wunused-parameter]8;;[m[K]
[20.832s]    31 |     [01;35m[Kconst std::shared_ptr<GoalHandleMeasureLapTime> goal_handle[m[K)
[20.832s]       |     [01;35m[K~~~~~~~~~~~~~~~~~~~~~~~~~~~~~~~~~~~~~~~~~~~~~~~~^~~~~~~~~~~[m[K
[21.031s] [01m[K/home/anthonyubuntu/Desktop/inmind/session9/Anthony-Moundalak-ROS2-AssignmentCPP-Session9/ros2_ws/src/turtlebot_navigation/src/lap_time_action_server.cpp:[m[K In member function â€˜[01m[Kvoid LapTimeActionServer::execute_callback(std::shared_ptr<rclcpp_action::ServerGoalHandle<my_interface::action::MeasureLapTime> >)[m[Kâ€™:
[21.031s] [01m[K/home/anthonyubuntu/Desktop/inmind/session9/Anthony-Moundalak-ROS2-AssignmentCPP-Session9/ros2_ws/src/turtlebot_navigation/src/lap_time_action_server.cpp:71:53:[m[K [01;31m[Kerror: [m[Kno match for â€˜[01m[Koperator=[m[Kâ€™ (operand types are â€˜[01m[Kstd::chrono::time_point<std::chrono::_V2::system_clock, std::chrono::duration<long int, std::ratio<1, 1000000000> > >[m[Kâ€™ and â€˜[01m[Kstd::chrono::_V2::steady_clock::time_point[m[Kâ€™ {aka â€˜[01m[Kstd::chrono::time_point<std::chrono::_V2::steady_clock, std::chrono::duration<long int, std::ratio<1, 1000000000> > >[m[Kâ€™})
[21.031s]    71 |         start_time = std::chrono::steady_clock::now([01;31m[K)[m[K;
[21.031s]       |                                                     [01;31m[K^[m[K
[21.031s] In file included from [01m[K/home/anthonyubuntu/Desktop/inmind/session9/Anthony-Moundalak-ROS2-AssignmentCPP-Session9/ros2_ws/src/turtlebot_navigation/src/lap_time_action_server.hpp:4[m[K,
[21.031s]                  from [01m[K/home/anthonyubuntu/Desktop/inmind/session9/Anthony-Moundalak-ROS2-AssignmentCPP-Session9/ros2_ws/src/turtlebot_navigation/src/lap_time_action_server.cpp:1[m[K:
[21.031s] [01m[K/usr/include/c++/11/chrono:872:14:[m[K [01;36m[Knote: [m[Kcandidate: â€˜[01m[Kconstexpr std::chrono::time_point<std::chrono::_V2::system_clock, std::chrono::duration<long int, std::ratio<1, 1000000000> > >& std::chrono::time_point<std::chrono::_V2::system_clock, std::chrono::duration<long int, std::ratio<1, 1000000000> > >::operator=(const std::chrono::time_point<std::chrono::_V2::system_clock, std::chrono::duration<long int, std::ratio<1, 1000000000> > >&)[m[Kâ€™
[21.031s]   872 |       struct [01;36m[Ktime_point[m[K
[21.031s]       |              [01;36m[K^~~~~~~~~~[m[K
[21.031s] [01m[K/usr/include/c++/11/chrono:872:14:[m[K [01;36m[Knote: [m[K  no known conversion for argument 1 from â€˜[01m[Kstd::chrono::_V2::steady_clock::time_point[m[Kâ€™ {aka â€˜[01m[Kstd::chrono::time_point<std::chrono::_V2::steady_clock, std::chrono::duration<long int, std::ratio<1, 1000000000> > >[m[Kâ€™} to â€˜[01m[Kconst std::chrono::time_point<std::chrono::_V2::system_clock, std::chrono::duration<long int, std::ratio<1, 1000000000> > >&[m[Kâ€™
[21.031s] [01m[K/usr/include/c++/11/chrono:872:14:[m[K [01;36m[Knote: [m[Kcandidate: â€˜[01m[Kconstexpr std::chrono::time_point<std::chrono::_V2::system_clock, std::chrono::duration<long int, std::ratio<1, 1000000000> > >& std::chrono::time_point<std::chrono::_V2::system_clock, std::chrono::duration<long int, std::ratio<1, 1000000000> > >::operator=(std::chrono::time_point<std::chrono::_V2::system_clock, std::chrono::duration<long int, std::ratio<1, 1000000000> > >&&)[m[Kâ€™
[21.031s] [01m[K/usr/include/c++/11/chrono:872:14:[m[K [01;36m[Knote: [m[K  no known conversion for argument 1 from â€˜[01m[Kstd::chrono::_V2::steady_clock::time_point[m[Kâ€™ {aka â€˜[01m[Kstd::chrono::time_point<std::chrono::_V2::steady_clock, std::chrono::duration<long int, std::ratio<1, 1000000000> > >[m[Kâ€™} to â€˜[01m[Kstd::chrono::time_point<std::chrono::_V2::system_clock, std::chrono::duration<long int, std::ratio<1, 1000000000> > >&&[m[Kâ€™
[21.035s] [01m[K/home/anthonyubuntu/Desktop/inmind/session9/Anthony-Moundalak-ROS2-AssignmentCPP-Session9/ros2_ws/src/turtlebot_navigation/src/lap_time_action_server.cpp:82:49:[m[K [01;31m[Kerror: [m[Kno match for â€˜[01m[Koperator=[m[Kâ€™ (operand types are â€˜[01m[Kstd::chrono::time_point<std::chrono::_V2::system_clock, std::chrono::duration<long int, std::ratio<1, 1000000000> > >[m[Kâ€™ and â€˜[01m[Kstd::chrono::_V2::steady_clock::time_point[m[Kâ€™ {aka â€˜[01m[Kstd::chrono::time_point<std::chrono::_V2::steady_clock, std::chrono::duration<long int, std::ratio<1, 1000000000> > >[m[Kâ€™})
[21.035s]    82 |     start_time = std::chrono::steady_clock::now([01;31m[K)[m[K;
[21.036s]       |                                                 [01;31m[K^[m[K
[21.036s] In file included from [01m[K/home/anthonyubuntu/Desktop/inmind/session9/Anthony-Moundalak-ROS2-AssignmentCPP-Session9/ros2_ws/src/turtlebot_navigation/src/lap_time_action_server.hpp:4[m[K,
[21.036s]                  from [01m[K/home/anthonyubuntu/Desktop/inmind/session9/Anthony-Moundalak-ROS2-AssignmentCPP-Session9/ros2_ws/src/turtlebot_navigation/src/lap_time_action_server.cpp:1[m[K:
[21.036s] [01m[K/usr/include/c++/11/chrono:872:14:[m[K [01;36m[Knote: [m[Kcandidate: â€˜[01m[Kconstexpr std::chrono::time_point<std::chrono::_V2::system_clock, std::chrono::duration<long int, std::ratio<1, 1000000000> > >& std::chrono::time_point<std::chrono::_V2::system_clock, std::chrono::duration<long int, std::ratio<1, 1000000000> > >::operator=(const std::chrono::time_point<std::chrono::_V2::system_clock, std::chrono::duration<long int, std::ratio<1, 1000000000> > >&)[m[Kâ€™
[21.036s]   872 |       struct [01;36m[Ktime_point[m[K
[21.037s]       |              [01;36m[K^~~~~~~~~~[m[K
[21.037s] [01m[K/usr/include/c++/11/chrono:872:14:[m[K [01;36m[Knote: [m[K  no known conversion for argument 1 from â€˜[01m[Kstd::chrono::_V2::steady_clock::time_point[m[Kâ€™ {aka â€˜[01m[Kstd::chrono::time_point<std::chrono::_V2::steady_clock, std::chrono::duration<long int, std::ratio<1, 1000000000> > >[m[Kâ€™} to â€˜[01m[Kconst std::chrono::time_point<std::chrono::_V2::system_clock, std::chrono::duration<long int, std::ratio<1, 1000000000> > >&[m[Kâ€™
[21.037s] [01m[K/usr/include/c++/11/chrono:872:14:[m[K [01;36m[Knote: [m[Kcandidate: â€˜[01m[Kconstexpr std::chrono::time_point<std::chrono::_V2::system_clock, std::chrono::duration<long int, std::ratio<1, 1000000000> > >& std::chrono::time_point<std::chrono::_V2::system_clock, std::chrono::duration<long int, std::ratio<1, 1000000000> > >::operator=(std::chrono::time_point<std::chrono::_V2::system_clock, std::chrono::duration<long int, std::ratio<1, 1000000000> > >&&)[m[Kâ€™
[21.037s] [01m[K/usr/include/c++/11/chrono:872:14:[m[K [01;36m[Knote: [m[K  no known conversion for argument 1 from â€˜[01m[Kstd::chrono::_V2::steady_clock::time_point[m[Kâ€™ {aka â€˜[01m[Kstd::chrono::time_point<std::chrono::_V2::steady_clock, std::chrono::duration<long int, std::ratio<1, 1000000000> > >[m[Kâ€™} to â€˜[01m[Kstd::chrono::time_point<std::chrono::_V2::system_clock, std::chrono::duration<long int, std::ratio<1, 1000000000> > >&&[m[Kâ€™
[21.203s] [01m[K/home/anthonyubuntu/Desktop/inmind/session9/Anthony-Moundalak-ROS2-AssignmentCPP-Session9/ros2_ws/src/turtlebot_navigation/src/lap_time_action_server.cpp:87:94:[m[K [01;31m[Kerror: [m[Kno match for â€˜[01m[Koperator-[m[Kâ€™ (operand types are â€˜[01m[Kstd::chrono::_V2::steady_clock::time_point[m[Kâ€™ {aka â€˜[01m[Kstd::chrono::time_point<std::chrono::_V2::steady_clock, std::chrono::duration<long int, std::ratio<1, 1000000000> > >[m[Kâ€™} and â€˜[01m[Kstd::chrono::time_point<std::chrono::_V2::system_clock, std::chrono::duration<long int, std::ratio<1, 1000000000> > >[m[Kâ€™)
[21.203s]    87 |         double elapsed_time = std::chrono::duration<double>([32m[Kstd::chrono::steady_clock::now()[m[K [01;31m[K-[m[K [34m[Kstart_time[m[K).count();
[21.203s]       |                                                             [32m[K~~~~~~~~~~~~~~~~~~~~~~~~~~~~~~~~[m[K [01;31m[K^[m[K [34m[K~~~~~~~~~~[m[K
[21.203s]       |                                                                                           [32m[K|[m[K    [34m[K|[m[K
[21.204s]       |                                                                                           [32m[K|[m[K    [34m[Ktime_point<std::chrono::_V2::system_clock,[...]>[m[K
[21.204s]       |                                                                                           [32m[Ktime_point<std::chrono::_V2::steady_clock,[...]>[m[K
[21.496s] In file included from [01m[K/usr/include/c++/11/bits/stl_algobase.h:67[m[K,
[21.496s]                  from [01m[K/usr/include/c++/11/array:40[m[K,
[21.496s]                  from [01m[K/usr/include/c++/11/tuple:39[m[K,
[21.496s]                  from [01m[K/usr/include/c++/11/functional:54[m[K,
[21.496s]                  from [01m[K/home/anthonyubuntu/Desktop/inmind/session9/Anthony-Moundalak-ROS2-AssignmentCPP-Session9/ros2_ws/src/turtlebot_navigation/src/lap_time_action_server.hpp:5[m[K,
[21.496s]                  from [01m[K/home/anthonyubuntu/Desktop/inmind/session9/Anthony-Moundalak-ROS2-AssignmentCPP-Session9/ros2_ws/src/turtlebot_navigation/src/lap_time_action_server.cpp:1[m[K:
[21.496s] [01m[K/usr/include/c++/11/bits/stl_iterator.h:577:5:[m[K [01;36m[Knote: [m[Kcandidate: â€˜[01m[Ktemplate<class _IteratorL, class _IteratorR> constexpr decltype ((__y.base() - __x.base())) std::operator-(const std::reverse_iterator<_Iterator>&, const std::reverse_iterator<_IteratorR>&)[m[Kâ€™
[21.496s]   577 |     [01;36m[Koperator[m[K-(const reverse_iterator<_IteratorL>& __x,
[21.497s]       |     [01;36m[K^~~~~~~~[m[K
[21.497s] [01m[K/usr/include/c++/11/bits/stl_iterator.h:577:5:[m[K [01;36m[Knote: [m[K  template argument deduction/substitution failed:
[21.497s] [01m[K/home/anthonyubuntu/Desktop/inmind/session9/Anthony-Moundalak-ROS2-AssignmentCPP-Session9/ros2_ws/src/turtlebot_navigation/src/lap_time_action_server.cpp:87:96:[m[K [01;36m[Knote: [m[K  â€˜[01m[Kstd::chrono::_V2::steady_clock::time_point[m[Kâ€™ {aka â€˜[01m[Kstd::chrono::time_point<std::chrono::_V2::steady_clock, std::chrono::duration<long int, std::ratio<1, 1000000000> > >[m[Kâ€™} is not derived from â€˜[01m[Kconst std::reverse_iterator<_Iterator>[m[Kâ€™
[21.497s]    87 |         double elapsed_time = std::chrono::duration<double>(std::chrono::steady_clock::now() - [01;36m[Kstart_time[m[K).count();
[21.497s]       |                                                                                                [01;36m[K^~~~~~~~~~[m[K
[21.497s] In file included from [01m[K/usr/include/c++/11/bits/stl_algobase.h:67[m[K,
[21.497s]                  from [01m[K/usr/include/c++/11/array:40[m[K,
[21.497s]                  from [01m[K/usr/include/c++/11/tuple:39[m[K,
[21.497s]                  from [01m[K/usr/include/c++/11/functional:54[m[K,
[21.497s]                  from [01m[K/home/anthonyubuntu/Desktop/inmind/session9/Anthony-Moundalak-ROS2-AssignmentCPP-Session9/ros2_ws/src/turtlebot_navigation/src/lap_time_action_server.hpp:5[m[K,
[21.497s]                  from [01m[K/home/anthonyubuntu/Desktop/inmind/session9/Anthony-Moundalak-ROS2-AssignmentCPP-Session9/ros2_ws/src/turtlebot_navigation/src/lap_time_action_server.cpp:1[m[K:
[21.497s] [01m[K/usr/include/c++/11/bits/stl_iterator.h:1693:5:[m[K [01;36m[Knote: [m[Kcandidate: â€˜[01m[Ktemplate<class _IteratorL, class _IteratorR> constexpr decltype ((__x.base() - __y.base())) std::operator-(const std::move_iterator<_IteratorL>&, const std::move_iterator<_IteratorR>&)[m[Kâ€™
[21.497s]  1693 |     [01;36m[Koperator[m[K-(const move_iterator<_IteratorL>& __x,
[21.497s]       |     [01;36m[K^~~~~~~~[m[K
[21.497s] [01m[K/usr/include/c++/11/bits/stl_iterator.h:1693:5:[m[K [01;36m[Knote: [m[K  template argument deduction/substitution failed:
[21.498s] [01m[K/home/anthonyubuntu/Desktop/inmind/session9/Anthony-Moundalak-ROS2-AssignmentCPP-Session9/ros2_ws/src/turtlebot_navigation/src/lap_time_action_server.cpp:87:96:[m[K [01;36m[Knote: [m[K  â€˜[01m[Kstd::chrono::_V2::steady_clock::time_point[m[Kâ€™ {aka â€˜[01m[Kstd::chrono::time_point<std::chrono::_V2::steady_clock, std::chrono::duration<long int, std::ratio<1, 1000000000> > >[m[Kâ€™} is not derived from â€˜[01m[Kconst std::move_iterator<_IteratorL>[m[Kâ€™
[21.498s]    87 |         double elapsed_time = std::chrono::duration<double>(std::chrono::steady_clock::now() - [01;36m[Kstart_time[m[K).count();
[21.498s]       |                                                                                                [01;36m[K^~~~~~~~~~[m[K
[21.498s] In file included from [01m[K/home/anthonyubuntu/Desktop/inmind/session9/Anthony-Moundalak-ROS2-AssignmentCPP-Session9/ros2_ws/src/turtlebot_navigation/src/lap_time_action_server.hpp:4[m[K,
[21.498s]                  from [01m[K/home/anthonyubuntu/Desktop/inmind/session9/Anthony-Moundalak-ROS2-AssignmentCPP-Session9/ros2_ws/src/turtlebot_navigation/src/lap_time_action_server.cpp:1[m[K:
[21.498s] [01m[K/usr/include/c++/11/chrono:660:7:[m[K [01;36m[Knote: [m[Kcandidate: â€˜[01m[Ktemplate<class _Rep1, class _Period1, class _Rep2, class _Period2> constexpr typename std::common_type<std::chrono::duration<_Rep1, _Period1>, std::chrono::duration<_Rep2, _Period2> >::type std::chrono::operator-(const std::chrono::duration<_Rep1, _Period1>&, const std::chrono::duration<_Rep2, _Period2>&)[m[Kâ€™
[21.498s]   660 |       [01;36m[Koperator[m[K-(const duration<_Rep1, _Period1>& __lhs,
[21.498s]       |       [01;36m[K^~~~~~~~[m[K
[21.498s] [01m[K/usr/include/c++/11/chrono:660:7:[m[K [01;36m[Knote: [m[K  template argument deduction/substitution failed:
[21.498s] [01m[K/home/anthonyubuntu/Desktop/inmind/session9/Anthony-Moundalak-ROS2-AssignmentCPP-Session9/ros2_ws/src/turtlebot_navigation/src/lap_time_action_server.cpp:87:96:[m[K [01;36m[Knote: [m[K  â€˜[01m[Kstd::chrono::_V2::steady_clock::time_point[m[Kâ€™ {aka â€˜[01m[Kstd::chrono::time_point<std::chrono::_V2::steady_clock, std::chrono::duration<long int, std::ratio<1, 1000000000> > >[m[Kâ€™} is not derived from â€˜[01m[Kconst std::chrono::duration<_Rep1, _Period1>[m[Kâ€™
[21.498s]    87 |         double elapsed_time = std::chrono::duration<double>(std::chrono::steady_clock::now() - [01;36m[Kstart_time[m[K).count();
[21.498s]       |                                                                                                [01;36m[K^~~~~~~~~~[m[K
[21.498s] In file included from [01m[K/home/anthonyubuntu/Desktop/inmind/session9/Anthony-Moundalak-ROS2-AssignmentCPP-Session9/ros2_ws/src/turtlebot_navigation/src/lap_time_action_server.hpp:4[m[K,
[21.498s]                  from [01m[K/home/anthonyubuntu/Desktop/inmind/session9/Anthony-Moundalak-ROS2-AssignmentCPP-Session9/ros2_ws/src/turtlebot_navigation/src/lap_time_action_server.cpp:1[m[K:
[21.499s] [01m[K/usr/include/c++/11/chrono:1030:7:[m[K [01;36m[Knote: [m[Kcandidate: â€˜[01m[Ktemplate<class _Clock, class _Dur1, class _Rep2, class _Period2> constexpr std::chrono::time_point<_Clock, typename std::common_type<_Dur1, std::chrono::duration<_Rep2, _Period2> >::type> std::chrono::operator-(const std::chrono::time_point<_Clock, _Duration1>&, const std::chrono::duration<_Rep2, _Period2>&)[m[Kâ€™
[21.499s]  1030 |       [01;36m[Koperator[m[K-(const time_point<_Clock, _Dur1>& __lhs,
[21.499s]       |       [01;36m[K^~~~~~~~[m[K
[21.499s] [01m[K/usr/include/c++/11/chrono:1030:7:[m[K [01;36m[Knote: [m[K  template argument deduction/substitution failed:
[21.499s] [01m[K/home/anthonyubuntu/Desktop/inmind/session9/Anthony-Moundalak-ROS2-AssignmentCPP-Session9/ros2_ws/src/turtlebot_navigation/src/lap_time_action_server.cpp:87:96:[m[K [01;36m[Knote: [m[K  â€˜[01m[Kstd::chrono::time_point<std::chrono::_V2::system_clock, std::chrono::duration<long int, std::ratio<1, 1000000000> > >[m[Kâ€™ is not derived from â€˜[01m[Kconst std::chrono::duration<_Rep2, _Period2>[m[Kâ€™
[21.499s]    87 |         double elapsed_time = std::chrono::duration<double>(std::chrono::steady_clock::now() - [01;36m[Kstart_time[m[K).count();
[21.499s]       |                                                                                                [01;36m[K^~~~~~~~~~[m[K
[21.499s] In file included from [01m[K/home/anthonyubuntu/Desktop/inmind/session9/Anthony-Moundalak-ROS2-AssignmentCPP-Session9/ros2_ws/src/turtlebot_navigation/src/lap_time_action_server.hpp:4[m[K,
[21.499s]                  from [01m[K/home/anthonyubuntu/Desktop/inmind/session9/Anthony-Moundalak-ROS2-AssignmentCPP-Session9/ros2_ws/src/turtlebot_navigation/src/lap_time_action_server.cpp:1[m[K:
[21.499s] [01m[K/usr/include/c++/11/chrono:1042:7:[m[K [01;36m[Knote: [m[Kcandidate: â€˜[01m[Ktemplate<class _Clock, class _Dur1, class _Dur2> constexpr typename std::common_type<_Duration1, _Duration2>::type std::chrono::operator-(const std::chrono::time_point<_Clock, _Duration1>&, const std::chrono::time_point<_Clock, _Duration2>&)[m[Kâ€™
[21.499s]  1042 |       [01;36m[Koperator[m[K-(const time_point<_Clock, _Dur1>& __lhs,
[21.499s]       |       [01;36m[K^~~~~~~~[m[K
[21.499s] [01m[K/usr/include/c++/11/chrono:1042:7:[m[K [01;36m[Knote: [m[K  template argument deduction/substitution failed:
[21.499s] [01m[K/home/anthonyubuntu/Desktop/inmind/session9/Anthony-Moundalak-ROS2-AssignmentCPP-Session9/ros2_ws/src/turtlebot_navigation/src/lap_time_action_server.cpp:87:96:[m[K [01;36m[Knote: [m[K  deduced conflicting types for parameter â€˜[01m[K_Clock[m[Kâ€™ (â€˜[01m[Kstd::chrono::_V2::steady_clock[m[Kâ€™ and â€˜[01m[Kstd::chrono::_V2::system_clock[m[Kâ€™)
[21.504s]    87 |         double elapsed_time = std::chrono::duration<double>(std::chrono::steady_clock::now() - [01;36m[Kstart_time[m[K).count();
[21.504s]       |                                                                                                [01;36m[K^~~~~~~~~~[m[K
[21.512s] [01m[K/home/anthonyubuntu/Desktop/inmind/session9/Anthony-Moundalak-ROS2-AssignmentCPP-Session9/ros2_ws/src/turtlebot_navigation/src/lap_time_action_server.cpp:97:94:[m[K [01;31m[Kerror: [m[Kno match for â€˜[01m[Koperator-[m[Kâ€™ (operand types are â€˜[01m[Kstd::chrono::_V2::steady_clock::time_point[m[Kâ€™ {aka â€˜[01m[Kstd::chrono::time_point<std::chrono::_V2::steady_clock, std::chrono::duration<long int, std::ratio<1, 1000000000> > >[m[Kâ€™} and â€˜[01m[Kstd::chrono::time_point<std::chrono::_V2::system_clock, std::chrono::duration<long int, std::ratio<1, 1000000000> > >[m[Kâ€™)
[21.512s]    97 |             double lap_time = std::chrono::duration<double>([32m[Kstd::chrono::steady_clock::now()[m[K [01;31m[K-[m[K [34m[Kstart_time[m[K).count();
[21.512s]       |                                                             [32m[K~~~~~~~~~~~~~~~~~~~~~~~~~~~~~~~~[m[K [01;31m[K^[m[K [34m[K~~~~~~~~~~[m[K
[21.512s]       |                                                                                           [32m[K|[m[K    [34m[K|[m[K
[21.512s]       |                                                                                           [32m[K|[m[K    [34m[Ktime_point<std::chrono::_V2::system_clock,[...]>[m[K
[21.512s]       |                                                                                           [32m[Ktime_point<std::chrono::_V2::steady_clock,[...]>[m[K
[21.513s] In file included from [01m[K/usr/include/c++/11/bits/stl_algobase.h:67[m[K,
[21.513s]                  from [01m[K/usr/include/c++/11/array:40[m[K,
[21.513s]                  from [01m[K/usr/include/c++/11/tuple:39[m[K,
[21.513s]                  from [01m[K/usr/include/c++/11/functional:54[m[K,
[21.513s]                  from [01m[K/home/anthonyubuntu/Desktop/inmind/session9/Anthony-Moundalak-ROS2-AssignmentCPP-Session9/ros2_ws/src/turtlebot_navigation/src/lap_time_action_server.hpp:5[m[K,
[21.513s]                  from [01m[K/home/anthonyubuntu/Desktop/inmind/session9/Anthony-Moundalak-ROS2-AssignmentCPP-Session9/ros2_ws/src/turtlebot_navigation/src/lap_time_action_server.cpp:1[m[K:
[21.513s] [01m[K/usr/include/c++/11/bits/stl_iterator.h:577:5:[m[K [01;36m[Knote: [m[Kcandidate: â€˜[01m[Ktemplate<class _IteratorL, class _IteratorR> constexpr decltype ((__y.base() - __x.base())) std::operator-(const std::reverse_iterator<_Iterator>&, const std::reverse_iterator<_IteratorR>&)[m[Kâ€™
[21.513s]   577 |     [01;36m[Koperator[m[K-(const reverse_iterator<_IteratorL>& __x,
[21.513s]       |     [01;36m[K^~~~~~~~[m[K
[21.513s] [01m[K/usr/include/c++/11/bits/stl_iterator.h:577:5:[m[K [01;36m[Knote: [m[K  template argument deduction/substitution failed:
[21.513s] [01m[K/home/anthonyubuntu/Desktop/inmind/session9/Anthony-Moundalak-ROS2-AssignmentCPP-Session9/ros2_ws/src/turtlebot_navigation/src/lap_time_action_server.cpp:97:96:[m[K [01;36m[Knote: [m[K  â€˜[01m[Kstd::chrono::_V2::steady_clock::time_point[m[Kâ€™ {aka â€˜[01m[Kstd::chrono::time_point<std::chrono::_V2::steady_clock, std::chrono::duration<long int, std::ratio<1, 1000000000> > >[m[Kâ€™} is not derived from â€˜[01m[Kconst std::reverse_iterator<_Iterator>[m[Kâ€™
[21.513s]    97 |             double lap_time = std::chrono::duration<double>(std::chrono::steady_clock::now() - [01;36m[Kstart_time[m[K).count();
[21.513s]       |                                                                                                [01;36m[K^~~~~~~~~~[m[K
[21.513s] In file included from [01m[K/usr/include/c++/11/bits/stl_algobase.h:67[m[K,
[21.514s]                  from [01m[K/usr/include/c++/11/array:40[m[K,
[21.514s]                  from [01m[K/usr/include/c++/11/tuple:39[m[K,
[21.514s]                  from [01m[K/usr/include/c++/11/functional:54[m[K,
[21.514s]                  from [01m[K/home/anthonyubuntu/Desktop/inmind/session9/Anthony-Moundalak-ROS2-AssignmentCPP-Session9/ros2_ws/src/turtlebot_navigation/src/lap_time_action_server.hpp:5[m[K,
[21.514s]                  from [01m[K/home/anthonyubuntu/Desktop/inmind/session9/Anthony-Moundalak-ROS2-AssignmentCPP-Session9/ros2_ws/src/turtlebot_navigation/src/lap_time_action_server.cpp:1[m[K:
[21.514s] [01m[K/usr/include/c++/11/bits/stl_iterator.h:1693:5:[m[K [01;36m[Knote: [m[Kcandidate: â€˜[01m[Ktemplate<class _IteratorL, class _IteratorR> constexpr decltype ((__x.base() - __y.base())) std::operator-(const std::move_iterator<_IteratorL>&, const std::move_iterator<_IteratorR>&)[m[Kâ€™
[21.514s]  1693 |     [01;36m[Koperator[m[K-(const move_iterator<_IteratorL>& __x,
[21.514s]       |     [01;36m[K^~~~~~~~[m[K
[21.514s] [01m[K/usr/include/c++/11/bits/stl_iterator.h:1693:5:[m[K [01;36m[Knote: [m[K  template argument deduction/substitution failed:
[21.514s] [01m[K/home/anthonyubuntu/Desktop/inmind/session9/Anthony-Moundalak-ROS2-AssignmentCPP-Session9/ros2_ws/src/turtlebot_navigation/src/lap_time_action_server.cpp:97:96:[m[K [01;36m[Knote: [m[K  â€˜[01m[Kstd::chrono::_V2::steady_clock::time_point[m[Kâ€™ {aka â€˜[01m[Kstd::chrono::time_point<std::chrono::_V2::steady_clock, std::chrono::duration<long int, std::ratio<1, 1000000000> > >[m[Kâ€™} is not derived from â€˜[01m[Kconst std::move_iterator<_IteratorL>[m[Kâ€™
[21.514s]    97 |             double lap_time = std::chrono::duration<double>(std::chrono::steady_clock::now() - [01;36m[Kstart_time[m[K).count();
[21.514s]       |                                                                                                [01;36m[K^~~~~~~~~~[m[K
[21.514s] In file included from [01m[K/home/anthonyubuntu/Desktop/inmind/session9/Anthony-Moundalak-ROS2-AssignmentCPP-Session9/ros2_ws/src/turtlebot_navigation/src/lap_time_action_server.hpp:4[m[K,
[21.514s]                  from [01m[K/home/anthonyubuntu/Desktop/inmind/session9/Anthony-Moundalak-ROS2-AssignmentCPP-Session9/ros2_ws/src/turtlebot_navigation/src/lap_time_action_server.cpp:1[m[K:
[21.515s] [01m[K/usr/include/c++/11/chrono:660:7:[m[K [01;36m[Knote: [m[Kcandidate: â€˜[01m[Ktemplate<class _Rep1, class _Period1, class _Rep2, class _Period2> constexpr typename std::common_type<std::chrono::duration<_Rep1, _Period1>, std::chrono::duration<_Rep2, _Period2> >::type std::chrono::operator-(const std::chrono::duration<_Rep1, _Period1>&, const std::chrono::duration<_Rep2, _Period2>&)[m[Kâ€™
[21.515s]   660 |       [01;36m[Koperator[m[K-(const duration<_Rep1, _Period1>& __lhs,
[21.515s]       |       [01;36m[K^~~~~~~~[m[K
[21.515s] [01m[K/usr/include/c++/11/chrono:660:7:[m[K [01;36m[Knote: [m[K  template argument deduction/substitution failed:
[21.515s] [01m[K/home/anthonyubuntu/Desktop/inmind/session9/Anthony-Moundalak-ROS2-AssignmentCPP-Session9/ros2_ws/src/turtlebot_navigation/src/lap_time_action_server.cpp:97:96:[m[K [01;36m[Knote: [m[K  â€˜[01m[Kstd::chrono::_V2::steady_clock::time_point[m[Kâ€™ {aka â€˜[01m[Kstd::chrono::time_point<std::chrono::_V2::steady_clock, std::chrono::duration<long int, std::ratio<1, 1000000000> > >[m[Kâ€™} is not derived from â€˜[01m[Kconst std::chrono::duration<_Rep1, _Period1>[m[Kâ€™
[21.515s]    97 |             double lap_time = std::chrono::duration<double>(std::chrono::steady_clock::now() - [01;36m[Kstart_time[m[K).count();
[21.515s]       |                                                                                                [01;36m[K^~~~~~~~~~[m[K
[21.515s] In file included from [01m[K/home/anthonyubuntu/Desktop/inmind/session9/Anthony-Moundalak-ROS2-AssignmentCPP-Session9/ros2_ws/src/turtlebot_navigation/src/lap_time_action_server.hpp:4[m[K,
[21.515s]                  from [01m[K/home/anthonyubuntu/Desktop/inmind/session9/Anthony-Moundalak-ROS2-AssignmentCPP-Session9/ros2_ws/src/turtlebot_navigation/src/lap_time_action_server.cpp:1[m[K:
[21.515s] [01m[K/usr/include/c++/11/chrono:1030:7:[m[K [01;36m[Knote: [m[Kcandidate: â€˜[01m[Ktemplate<class _Clock, class _Dur1, class _Rep2, class _Period2> constexpr std::chrono::time_point<_Clock, typename std::common_type<_Dur1, std::chrono::duration<_Rep2, _Period2> >::type> std::chrono::operator-(const std::chrono::time_point<_Clock, _Duration1>&, const std::chrono::duration<_Rep2, _Period2>&)[m[Kâ€™
[21.515s]  1030 |       [01;36m[Koperator[m[K-(const time_point<_Clock, _Dur1>& __lhs,
[21.515s]       |       [01;36m[K^~~~~~~~[m[K
[21.515s] [01m[K/usr/include/c++/11/chrono:1030:7:[m[K [01;36m[Knote: [m[K  template argument deduction/substitution failed:
[21.515s] [01m[K/home/anthonyubuntu/Desktop/inmind/session9/Anthony-Moundalak-ROS2-AssignmentCPP-Session9/ros2_ws/src/turtlebot_navigation/src/lap_time_action_server.cpp:97:96:[m[K [01;36m[Knote: [m[K  â€˜[01m[Kstd::chrono::time_point<std::chrono::_V2::system_clock, std::chrono::duration<long int, std::ratio<1, 1000000000> > >[m[Kâ€™ is not derived from â€˜[01m[Kconst std::chrono::duration<_Rep2, _Period2>[m[Kâ€™
[21.515s]    97 |             double lap_time = std::chrono::duration<double>(std::chrono::steady_clock::now() - [01;36m[Kstart_time[m[K).count();
[21.516s]       |                                                                                                [01;36m[K^~~~~~~~~~[m[K
[21.516s] In file included from [01m[K/home/anthonyubuntu/Desktop/inmind/session9/Anthony-Moundalak-ROS2-AssignmentCPP-Session9/ros2_ws/src/turtlebot_navigation/src/lap_time_action_server.hpp:4[m[K,
[21.516s]                  from [01m[K/home/anthonyubuntu/Desktop/inmind/session9/Anthony-Moundalak-ROS2-AssignmentCPP-Session9/ros2_ws/src/turtlebot_navigation/src/lap_time_action_server.cpp:1[m[K:
[21.516s] [01m[K/usr/include/c++/11/chrono:1042:7:[m[K [01;36m[Knote: [m[Kcandidate: â€˜[01m[Ktemplate<class _Clock, class _Dur1, class _Dur2> constexpr typename std::common_type<_Duration1, _Duration2>::type std::chrono::operator-(const std::chrono::time_point<_Clock, _Duration1>&, const std::chrono::time_point<_Clock, _Duration2>&)[m[Kâ€™
[21.516s]  1042 |       [01;36m[Koperator[m[K-(const time_point<_Clock, _Dur1>& __lhs,
[21.516s]       |       [01;36m[K^~~~~~~~[m[K
[21.516s] [01m[K/usr/include/c++/11/chrono:1042:7:[m[K [01;36m[Knote: [m[K  template argument deduction/substitution failed:
[21.516s] [01m[K/home/anthonyubuntu/Desktop/inmind/session9/Anthony-Moundalak-ROS2-AssignmentCPP-Session9/ros2_ws/src/turtlebot_navigation/src/lap_time_action_server.cpp:97:96:[m[K [01;36m[Knote: [m[K  deduced conflicting types for parameter â€˜[01m[K_Clock[m[Kâ€™ (â€˜[01m[Kstd::chrono::_V2::steady_clock[m[Kâ€™ and â€˜[01m[Kstd::chrono::_V2::system_clock[m[Kâ€™)
[21.516s]    97 |             double lap_time = std::chrono::duration<double>(std::chrono::steady_clock::now() - [01;36m[Kstart_time[m[K).count();
[21.516s]       |                                                                                                [01;36m[K^~~~~~~~~~[m[K
[21.516s] [01m[K/home/anthonyubuntu/Desktop/inmind/session9/Anthony-Moundalak-ROS2-AssignmentCPP-Session9/ros2_ws/src/turtlebot_navigation/src/lap_time_action_server.cpp:101:57:[m[K [01;31m[Kerror: [m[Kno match for â€˜[01m[Koperator=[m[Kâ€™ (operand types are â€˜[01m[Kstd::chrono::time_point<std::chrono::_V2::system_clock, std::chrono::duration<long int, std::ratio<1, 1000000000> > >[m[Kâ€™ and â€˜[01m[Kstd::chrono::_V2::steady_clock::time_point[m[Kâ€™ {aka â€˜[01m[Kstd::chrono::time_point<std::chrono::_V2::steady_clock, std::chrono::duration<long int, std::ratio<1, 1000000000> > >[m[Kâ€™})
[21.516s]   101 |             start_time = std::chrono::steady_clock::now([01;31m[K)[m[K;
[21.517s]       |                                                         [01;31m[K^[m[K
[21.517s] In file included from [01m[K/home/anthonyubuntu/Desktop/inmind/session9/Anthony-Moundalak-ROS2-AssignmentCPP-Session9/ros2_ws/src/turtlebot_navigation/src/lap_time_action_server.hpp:4[m[K,
[21.517s]                  from [01m[K/home/anthonyubuntu/Desktop/inmind/session9/Anthony-Moundalak-ROS2-AssignmentCPP-Session9/ros2_ws/src/turtlebot_navigation/src/lap_time_action_server.cpp:1[m[K:
[21.517s] [01m[K/usr/include/c++/11/chrono:872:14:[m[K [01;36m[Knote: [m[Kcandidate: â€˜[01m[Kconstexpr std::chrono::time_point<std::chrono::_V2::system_clock, std::chrono::duration<long int, std::ratio<1, 1000000000> > >& std::chrono::time_point<std::chrono::_V2::system_clock, std::chrono::duration<long int, std::ratio<1, 1000000000> > >::operator=(const std::chrono::time_point<std::chrono::_V2::system_clock, std::chrono::duration<long int, std::ratio<1, 1000000000> > >&)[m[Kâ€™
[21.517s]   872 |       struct [01;36m[Ktime_point[m[K
[21.517s]       |              [01;36m[K^~~~~~~~~~[m[K
[21.517s] [01m[K/usr/include/c++/11/chrono:872:14:[m[K [01;36m[Knote: [m[K  no known conversion for argument 1 from â€˜[01m[Kstd::chrono::_V2::steady_clock::time_point[m[Kâ€™ {aka â€˜[01m[Kstd::chrono::time_point<std::chrono::_V2::steady_clock, std::chrono::duration<long int, std::ratio<1, 1000000000> > >[m[Kâ€™} to â€˜[01m[Kconst std::chrono::time_point<std::chrono::_V2::system_clock, std::chrono::duration<long int, std::ratio<1, 1000000000> > >&[m[Kâ€™
[21.518s] [01m[K/usr/include/c++/11/chrono:872:14:[m[K [01;36m[Knote: [m[Kcandidate: â€˜[01m[Kconstexpr std::chrono::time_point<std::chrono::_V2::system_clock, std::chrono::duration<long int, std::ratio<1, 1000000000> > >& std::chrono::time_point<std::chrono::_V2::system_clock, std::chrono::duration<long int, std::ratio<1, 1000000000> > >::operator=(std::chrono::time_point<std::chrono::_V2::system_clock, std::chrono::duration<long int, std::ratio<1, 1000000000> > >&&)[m[Kâ€™
[21.518s] [01m[K/usr/include/c++/11/chrono:872:14:[m[K [01;36m[Knote: [m[K  no known conversion for argument 1 from â€˜[01m[Kstd::chrono::_V2::steady_clock::time_point[m[Kâ€™ {aka â€˜[01m[Kstd::chrono::time_point<std::chrono::_V2::steady_clock, std::chrono::duration<long int, std::ratio<1, 1000000000> > >[m[Kâ€™} to â€˜[01m[Kstd::chrono::time_point<std::chrono::_V2::system_clock, std::chrono::duration<long int, std::ratio<1, 1000000000> > >&&[m[Kâ€™
[27.529s] gmake[2]: *** [CMakeFiles/lap_time_action_server.dir/build.make:76: CMakeFiles/lap_time_action_server.dir/src/lap_time_action_server.cpp.o] Error 1
[27.530s] gmake[1]: *** [CMakeFiles/Makefile2:195: CMakeFiles/lap_time_action_server.dir/all] Error 2
[27.530s] gmake[1]: *** Waiting for unfinished jobs....
[42.989s] [ 87%] [32m[1mLinking CXX executable wall_finder_service[0m
[45.875s] [ 87%] Built target wall_finder_service
[45.877s] gmake: *** [Makefile:146: all] Error 2
[45.911s] Invoked command in '/home/anthonyubuntu/Desktop/inmind/session9/Anthony-Moundalak-ROS2-AssignmentCPP-Session9/ros2_ws/build/turtlebot_navigation' returned '2': AMENT_PREFIX_PATH=/home/anthonyubuntu/Desktop/inmind/session9/Anthony-Moundalak-ROS2-AssignmentCPP-Session9/ros2_ws/install/my_interface:${AMENT_PREFIX_PATH} CMAKE_PREFIX_PATH=/home/anthonyubuntu/Desktop/inmind/session9/Anthony-Moundalak-ROS2-AssignmentCPP-Session9/ros2_ws/install/my_interface:/home/anthonyubuntu/Desktop/inmind/test/cppgazws/install/turtlebot_navigation:/home/anthonyubuntu/Desktop/inmind/test/cppgazws/install/my_interface:/opt/ros/humble LD_LIBRARY_PATH=/home/anthonyubuntu/Desktop/inmind/session9/Anthony-Moundalak-ROS2-AssignmentCPP-Session9/ros2_ws/install/my_interface/lib:${LD_LIBRARY_PATH} PYTHONPATH=/home/anthonyubuntu/Desktop/inmind/session9/Anthony-Moundalak-ROS2-AssignmentCPP-Session9/ros2_ws/install/my_interface/local/lib/python3.10/dist-packages:${PYTHONPATH} /usr/bin/cmake --build /home/anthonyubuntu/Desktop/inmind/session9/Anthony-Moundalak-ROS2-AssignmentCPP-Session9/ros2_ws/build/turtlebot_navigation -- -j4 -l4
